\BOOKMARK [0][-]{chapter.1}{Introduction}{}% 1
\BOOKMARK [1][-]{section.1.1}{Aim}{chapter.1}% 2
\BOOKMARK [1][-]{section.1.2}{Objectives}{chapter.1}% 3
\BOOKMARK [2][-]{subsection.1.2.1}{Ability to send messages to other users}{section.1.2}% 4
\BOOKMARK [2][-]{subsection.1.2.2}{End-to-end Encryption \(E2EE\)}{section.1.2}% 5
\BOOKMARK [2][-]{subsection.1.2.3}{Text-to-Speech \(TTS\) Functionality}{section.1.2}% 6
\BOOKMARK [2][-]{subsection.1.2.4}{Client-side message history}{section.1.2}% 7
\BOOKMARK [2][-]{subsection.1.2.5}{Push notifications}{section.1.2}% 8
\BOOKMARK [0][-]{chapter.2}{Analysis/Requirements}{}% 9
\BOOKMARK [1][-]{section.2.1}{Requirements}{chapter.2}% 10
\BOOKMARK [2][-]{subsection.2.1.1}{Minimum Viable Product}{section.2.1}% 11
\BOOKMARK [2][-]{subsection.2.1.2}{Stretch Goals}{section.2.1}% 12
\BOOKMARK [1][-]{section.2.2}{Technologies Used}{chapter.2}% 13
\BOOKMARK [2][-]{subsection.2.2.1}{Rust Server}{section.2.2}% 14
\BOOKMARK [2][-]{subsection.2.2.2}{Android Client}{section.2.2}% 15
\BOOKMARK [0][-]{chapter.3}{Timeline \046 Final Product}{}% 16
\BOOKMARK [1][-]{section.3.1}{Week by week}{chapter.3}% 17
\BOOKMARK [2][-]{subsection.3.1.1}{Week 0}{section.3.1}% 18
\BOOKMARK [2][-]{subsection.3.1.2}{Week 2}{section.3.1}% 19
\BOOKMARK [2][-]{subsection.3.1.3}{Week 4}{section.3.1}% 20
\BOOKMARK [2][-]{subsection.3.1.4}{Weeks 6-8}{section.3.1}% 21
\BOOKMARK [2][-]{subsection.3.1.5}{Weeks 8-16}{section.3.1}% 22
\BOOKMARK [2][-]{subsection.3.1.6}{Weeks 18-20}{section.3.1}% 23
\BOOKMARK [2][-]{subsection.3.1.7}{Weeks 22-24}{section.3.1}% 24
\BOOKMARK [1][-]{section.3.2}{Final Product}{chapter.3}% 25
