This is pdfTeX, Version 3.14159265-2.6-1.40.21 (TeX Live 2020) (preloaded format=pdflatex 2021.2.21)  31 MAR 2022 05:18
entering extended mode
 restricted \write18 enabled.
 file:line:error style messages enabled.
 %&-line parsing enabled.
**mproj.tex
(./mproj.tex
LaTeX2e <2020-02-02> patch level 5
L3 programming layer <2020-03-06> (./mproj.cls
Document Class: mproj 2009/01/09 Colin Perkins <csp@dcs.gla.ac.uk>.2009/09/16 Modified by Tim Storer <tws@dcs.gla.ac.uk> to support non pdf modes.2011/02/15 Modified by Gregg Hamilton <hamiltgr@dcs.gla.ac.uk> for use in final year projects.2012/02/21 Modified by Gethin Norman <gethin.norman@glasgow.ac.uk> for use in masters projects and proposals.2021/11/17 Modified by Mark McGill <mark.mcgill@glasgow.ac.uk> to bring the latex template close in parity to the MSWord template (same margins, font, roughly same heading sizes) 
(/usr/local/texlive/2020/texmf-dist/tex/latex/base/report.cls
Document Class: report 2019/12/20 v1.4l Standard LaTeX document class
(/usr/local/texlive/2020/texmf-dist/tex/latex/base/size11.clo
File: size11.clo 2019/12/20 v1.4l Standard LaTeX file (size option)
)
\c@part=\count167
\c@chapter=\count168
\c@section=\count169
\c@subsection=\count170
\c@subsubsection=\count171
\c@paragraph=\count172
\c@subparagraph=\count173
\c@figure=\count174
\c@table=\count175
\abovecaptionskip=\skip47
\belowcaptionskip=\skip48
\bibindent=\dimen134
) (/usr/local/texlive/2020/texmf-dist/tex/latex/titlesec/titlesec.sty
Package: titlesec 2019/10/16 v2.13 Sectioning titles
\ttl@box=\box45
\beforetitleunit=\skip49
\aftertitleunit=\skip50
\ttl@plus=\dimen135
\ttl@minus=\dimen136
\ttl@toksa=\toks15
\titlewidth=\dimen137
\titlewidthlast=\dimen138
\titlewidthfirst=\dimen139
) (/usr/local/texlive/2020/texmf-dist/tex/latex/geometry/geometry.sty
Package: geometry 2020/01/02 v5.9 Page Geometry
 (/usr/local/texlive/2020/texmf-dist/tex/latex/graphics/keyval.sty
Package: keyval 2014/10/28 v1.15 key=value parser (DPC)
\KV@toks@=\toks16
) (/usr/local/texlive/2020/texmf-dist/tex/generic/iftex/ifvtex.sty
Package: ifvtex 2019/10/25 v1.7 ifvtex legacy package. Use iftex instead.
 (/usr/local/texlive/2020/texmf-dist/tex/generic/iftex/iftex.sty
Package: iftex 2020/03/06 v1.0d TeX engine tests
))
\Gm@cnth=\count176
\Gm@cntv=\count177
\c@Gm@tempcnt=\count178
\Gm@bindingoffset=\dimen140
\Gm@wd@mp=\dimen141
\Gm@odd@mp=\dimen142
\Gm@even@mp=\dimen143
\Gm@layoutwidth=\dimen144
\Gm@layoutheight=\dimen145
\Gm@layouthoffset=\dimen146
\Gm@layoutvoffset=\dimen147
\Gm@dimlist=\toks17
) (/usr/local/texlive/2020/texmf-dist/tex/latex/psnfss/newcent.sty
Package: newcent 2005/04/12 PSNFSS-v9.2a (SPQR) 
)) (/usr/local/texlive/2020/texmf-dist/tex/latex/graphics/graphicx.sty
Package: graphicx 2019/11/30 v1.2a Enhanced LaTeX Graphics (DPC,SPQR)
 (/usr/local/texlive/2020/texmf-dist/tex/latex/graphics/graphics.sty
Package: graphics 2019/11/30 v1.4a Standard LaTeX Graphics (DPC,SPQR)
 (/usr/local/texlive/2020/texmf-dist/tex/latex/graphics/trig.sty
Package: trig 2016/01/03 v1.10 sin cos tan (DPC)
) (/usr/local/texlive/2020/texmf-dist/tex/latex/graphics-cfg/graphics.cfg
File: graphics.cfg 2016/06/04 v1.11 sample graphics configuration
)
Package graphics Info: Driver file: pdftex.def on input line 105.
 (/usr/local/texlive/2020/texmf-dist/tex/latex/graphics-def/pdftex.def
File: pdftex.def 2018/01/08 v1.0l Graphics/color driver for pdftex
))
\Gin@req@height=\dimen148
\Gin@req@width=\dimen149
) (/usr/local/texlive/2020/texmf-dist/tex/latex/tools/longtable.sty
Package: longtable 2020/01/07 v4.13 Multi-page Table package (DPC)
\LTleft=\skip51
\LTright=\skip52
\LTpre=\skip53
\LTpost=\skip54
\LTchunksize=\count179
\LTcapwidth=\dimen150
\LT@head=\box46
\LT@firsthead=\box47
\LT@foot=\box48
\LT@lastfoot=\box49
\LT@cols=\count180
\LT@rows=\count181
\c@LT@tables=\count182
\c@LT@chunks=\count183
\LT@p@ftn=\toks18
) (/usr/local/texlive/2020/texmf-dist/tex/latex/biblatex/biblatex.sty
Package: biblatex 2019/12/01 v3.14 programmable bibliographies (PK/MW)
 (/usr/local/texlive/2020/texmf-dist/tex/latex/pdftexcmds/pdftexcmds.sty
Package: pdftexcmds 2019/11/24 v0.31 Utility functions of pdfTeX for LuaTeX (HO)
 (/usr/local/texlive/2020/texmf-dist/tex/generic/infwarerr/infwarerr.sty
Package: infwarerr 2019/12/03 v1.5 Providing info/warning/error messages (HO)
) (/usr/local/texlive/2020/texmf-dist/tex/generic/ltxcmds/ltxcmds.sty
Package: ltxcmds 2019/12/15 v1.24 LaTeX kernel commands for general use (HO)
)
Package pdftexcmds Info: \pdf@primitive is available.
Package pdftexcmds Info: \pdf@ifprimitive is available.
Package pdftexcmds Info: \pdfdraftmode found.
) (/usr/local/texlive/2020/texmf-dist/tex/latex/etoolbox/etoolbox.sty
Package: etoolbox 2019/09/21 v2.5h e-TeX tools for LaTeX (JAW)
\etb@tempcnta=\count184
) (/usr/local/texlive/2020/texmf-dist/tex/latex/kvoptions/kvoptions.sty
Package: kvoptions 2019/11/29 v3.13 Key value format for package options (HO)
 (/usr/local/texlive/2020/texmf-dist/tex/generic/kvsetkeys/kvsetkeys.sty
Package: kvsetkeys 2019/12/15 v1.18 Key value parser (HO)
)) (/usr/local/texlive/2020/texmf-dist/tex/latex/logreq/logreq.sty
Package: logreq 2010/08/04 v1.0 xml request logger
\lrq@indent=\count185
 (/usr/local/texlive/2020/texmf-dist/tex/latex/logreq/logreq.def
File: logreq.def 2010/08/04 v1.0 logreq spec v1.0
)) (/usr/local/texlive/2020/texmf-dist/tex/latex/base/ifthen.sty
Package: ifthen 2014/09/29 v1.1c Standard LaTeX ifthen package (DPC)
) (/usr/local/texlive/2020/texmf-dist/tex/latex/url/url.sty
\Urlmuskip=\muskip16
Package: url 2013/09/16  ver 3.4  Verb mode for urls, etc.
)
\c@tabx@nest=\count186
\c@listtotal=\count187
\c@listcount=\count188
\c@liststart=\count189
\c@liststop=\count190
\c@citecount=\count191
\c@citetotal=\count192
\c@multicitecount=\count193
\c@multicitetotal=\count194
\c@instcount=\count195
\c@maxnames=\count196
\c@minnames=\count197
\c@maxitems=\count198
\c@minitems=\count199
\c@citecounter=\count266
\c@maxcitecounter=\count267
\c@savedcitecounter=\count268
\c@uniquelist=\count269
\c@uniquename=\count270
\c@refsection=\count271
\c@refsegment=\count272
\c@maxextratitle=\count273
\c@maxextratitleyear=\count274
\c@maxextraname=\count275
\c@maxextradate=\count276
\c@maxextraalpha=\count277
\c@abbrvpenalty=\count278
\c@highnamepenalty=\count279
\c@lownamepenalty=\count280
\c@maxparens=\count281
\c@parenlevel=\count282
\blx@tempcnta=\count283
\blx@tempcntb=\count284
\blx@tempcntc=\count285
\blx@maxsection=\count286
\blx@maxsegment@0=\count287
\blx@notetype=\count288
\blx@parenlevel@text=\count289
\blx@parenlevel@foot=\count290
\blx@sectionciteorder@0=\count291
\blx@entrysetcounter=\count292
\labelnumberwidth=\skip55
\labelalphawidth=\skip56
\biblabelsep=\skip57
\bibitemsep=\skip58
\bibnamesep=\skip59
\bibinitsep=\skip60
\bibparsep=\skip61
\bibhang=\skip62
\blx@bcfin=\read2
\blx@bcfout=\write3
\blx@langwohyphens=\language86
\c@mincomprange=\count293
\c@maxcomprange=\count294
\c@mincompwidth=\count295
Package biblatex Info: Trying to load biblatex default data model...
Package biblatex Info: ... file 'blx-dm.def' found.
 (/usr/local/texlive/2020/texmf-dist/tex/latex/biblatex/blx-dm.def
File: blx-dm.def 2019/12/01 v3.14 biblatex localization (PK/MW)
)
Package biblatex Info: Trying to load biblatex style data model...
Package biblatex Info: ... file 'trad-abbrv.dbx' not found.
Package biblatex Info: Trying to load biblatex custom data model...
Package biblatex Info: ... file 'biblatex-dm.cfg' not found.
\c@afterword=\count296
\c@savedafterword=\count297
\c@annotator=\count298
\c@savedannotator=\count299
\c@author=\count300
\c@savedauthor=\count301
\c@bookauthor=\count302
\c@savedbookauthor=\count303
\c@commentator=\count304
\c@savedcommentator=\count305
\c@editor=\count306
\c@savededitor=\count307
\c@editora=\count308
\c@savededitora=\count309
\c@editorb=\count310
\c@savededitorb=\count311
\c@editorc=\count312
\c@savededitorc=\count313
\c@foreword=\count314
\c@savedforeword=\count315
\c@holder=\count316
\c@savedholder=\count317
\c@introduction=\count318
\c@savedintroduction=\count319
\c@namea=\count320
\c@savednamea=\count321
\c@nameb=\count322
\c@savednameb=\count323
\c@namec=\count324
\c@savednamec=\count325
\c@translator=\count326
\c@savedtranslator=\count327
\c@shortauthor=\count328
\c@savedshortauthor=\count329
\c@shorteditor=\count330
\c@savedshorteditor=\count331
\c@labelname=\count332
\c@savedlabelname=\count333
\c@institution=\count334
\c@savedinstitution=\count335
\c@lista=\count336
\c@savedlista=\count337
\c@listb=\count338
\c@savedlistb=\count339
\c@listc=\count340
\c@savedlistc=\count341
\c@listd=\count342
\c@savedlistd=\count343
\c@liste=\count344
\c@savedliste=\count345
\c@listf=\count346
\c@savedlistf=\count347
\c@location=\count348
\c@savedlocation=\count349
\c@organization=\count350
\c@savedorganization=\count351
\c@origlocation=\count352
\c@savedoriglocation=\count353
\c@origpublisher=\count354
\c@savedorigpublisher=\count355
\c@publisher=\count356
\c@savedpublisher=\count357
\c@language=\count358
\c@savedlanguage=\count359
\c@origlanguage=\count360
\c@savedoriglanguage=\count361
\c@pageref=\count362
\c@savedpageref=\count363
\shorthandwidth=\skip63
\shortjournalwidth=\skip64
\shortserieswidth=\skip65
\shorttitlewidth=\skip66
\shortauthorwidth=\skip67
\shorteditorwidth=\skip68
\locallabelnumberwidth=\skip69
\locallabelalphawidth=\skip70
\localshorthandwidth=\skip71
\localshortjournalwidth=\skip72
\localshortserieswidth=\skip73
\localshorttitlewidth=\skip74
\localshortauthorwidth=\skip75
\localshorteditorwidth=\skip76
Package biblatex Info: Trying to load compatibility code...
Package biblatex Info: ... file 'blx-compat.def' found.
 (/usr/local/texlive/2020/texmf-dist/tex/latex/biblatex/blx-compat.def
File: blx-compat.def 2019/12/01 v3.14 biblatex compatibility (PK/MW)
)
Package biblatex Info: Trying to load generic definitions...
Package biblatex Info: ... file 'biblatex.def' found.
 (/usr/local/texlive/2020/texmf-dist/tex/latex/biblatex/biblatex.def
File: biblatex.def 2019/12/01 v3.14 biblatex compatibility (PK/MW)
\c@textcitecount=\count364
\c@textcitetotal=\count365
\c@textcitemaxnames=\count366
\c@biburlbigbreakpenalty=\count367
\c@biburlbreakpenalty=\count368
\c@biburlnumpenalty=\count369
\c@biburlucpenalty=\count370
\c@biburllcpenalty=\count371
\biburlbigskip=\muskip17
\biburlnumskip=\muskip18
\biburlucskip=\muskip19
\biburllcskip=\muskip20
\c@smartand=\count372
)
Package biblatex Info: Trying to load bibliography style 'trad-abbrv'...
Package biblatex Info: ... file 'trad-abbrv.bbx' found.
 (/usr/local/texlive/2020/texmf-dist/tex/latex/biblatex-trad/trad-abbrv.bbx
File: trad-abbrv.bbx 2018/02/17 v0.4a biblatex-trad abbrv bibliography style
Package biblatex Info: Trying to load bibliography style 'trad-standard'...
Package biblatex Info: ... file 'trad-standard.bbx' found.
 (/usr/local/texlive/2020/texmf-dist/tex/latex/biblatex-trad/trad-standard.bbx
File: trad-standard.bbx 2018/02/17 v0.4a biblatex-trad base bibliography style
Package biblatex Info: Trying to load bibliography style 'standard'...
Package biblatex Info: ... file 'standard.bbx' found.

(/usr/local/texlive/2020/texmf-dist/tex/latex/biblatex/bbx/standard.bbx
File: standard.bbx 2019/12/01 v3.14 biblatex bibliography style (PK/MW)
\c@bbx:relatedcount=\count373
\c@bbx:relatedtotal=\count374
)))
Package biblatex Info: Trying to load citation style 'trad-abbrv'...
Package biblatex Info: ... file 'trad-abbrv.cbx' found.
 (/usr/local/texlive/2020/texmf-dist/tex/latex/biblatex-trad/trad-abbrv.cbx
File: trad-abbrv.cbx 2018/02/17 v0.4a biblatex-trad abbrv citation style
Package biblatex Info: Trying to load citation style 'numeric'...
Package biblatex Info: ... file 'numeric.cbx' found.
 (/usr/local/texlive/2020/texmf-dist/tex/latex/biblatex/cbx/numeric.cbx
File: numeric.cbx 2019/12/01 v3.14 biblatex citation style (PK/MW)
Package biblatex Info: Redefining '\cite'.
Package biblatex Info: Redefining '\parencite'.
Package biblatex Info: Redefining '\footcite'.
Package biblatex Info: Redefining '\footcitetext'.
Package biblatex Info: Redefining '\smartcite'.
Package biblatex Info: Redefining '\supercite'.
Package biblatex Info: Redefining '\textcite'.
Package biblatex Info: Redefining '\textcites'.
Package biblatex Info: Redefining '\cites'.
Package biblatex Info: Redefining '\parencites'.
Package biblatex Info: Redefining '\smartcites'.
))
Package biblatex Info: Trying to load configuration file...
Package biblatex Info: ... file 'biblatex.cfg' found.
 (/usr/local/texlive/2020/texmf-dist/tex/latex/biblatex/biblatex.cfg
File: biblatex.cfg 
)) (/usr/local/texlive/2020/texmf-dist/tex/latex/fancyvrb/fancyvrb.sty
Package: fancyvrb 2020/01/13 v3.5 verbatim text (tvz,hv)
\FV@CodeLineNo=\count375
\FV@InFile=\read3
\FV@TabBox=\box50
\c@FancyVerbLine=\count376
\FV@StepNumber=\count377
\FV@OutFile=\write4
) (/usr/local/texlive/2020/texmf-dist/tex/latex/float/float.sty
Package: float 2001/11/08 v1.3d Float enhancements (AL)
\c@float@type=\count378
\float@exts=\toks19
\float@box=\box51
\@float@everytoks=\toks20
\@floatcapt=\box52
) (/usr/local/texlive/2020/texmf-dist/tex/latex/pdfpages/pdfpages.sty
Package: pdfpages 2020/01/28 v0.5q Insert pages of external PDF documents (AM)
 (/usr/local/texlive/2020/texmf-dist/tex/latex/tools/calc.sty
Package: calc 2017/05/25 v4.3 Infix arithmetic (KKT,FJ)
\calc@Acount=\count379
\calc@Bcount=\count380
\calc@Adimen=\dimen151
\calc@Bdimen=\dimen152
\calc@Askip=\skip77
\calc@Bskip=\skip78
LaTeX Info: Redefining \setlength on input line 80.
LaTeX Info: Redefining \addtolength on input line 81.
\calc@Ccount=\count381
\calc@Cskip=\skip79
) (/usr/local/texlive/2020/texmf-dist/tex/latex/eso-pic/eso-pic.sty
Package: eso-pic 2018/04/12 v2.0h eso-pic (RN)
 (/usr/local/texlive/2020/texmf-dist/tex/generic/atbegshi/atbegshi.sty
Package: atbegshi 2019/12/05 v1.19 At begin shipout hook (HO)
) (/usr/local/texlive/2020/texmf-dist/tex/latex/xcolor/xcolor.sty
Package: xcolor 2016/05/11 v2.12 LaTeX color extensions (UK)
 (/usr/local/texlive/2020/texmf-dist/tex/latex/graphics-cfg/color.cfg
File: color.cfg 2016/01/02 v1.6 sample color configuration
)
Package xcolor Info: Driver file: pdftex.def on input line 225.
Package xcolor Info: Model `cmy' substituted by `cmy0' on input line 1348.
Package xcolor Info: Model `hsb' substituted by `rgb' on input line 1352.
Package xcolor Info: Model `RGB' extended on input line 1364.
Package xcolor Info: Model `HTML' substituted by `rgb' on input line 1366.
Package xcolor Info: Model `Hsb' substituted by `hsb' on input line 1367.
Package xcolor Info: Model `tHsb' substituted by `hsb' on input line 1368.
Package xcolor Info: Model `HSB' substituted by `hsb' on input line 1369.
Package xcolor Info: Model `Gray' substituted by `gray' on input line 1370.
Package xcolor Info: Model `wave' substituted by `hsb' on input line 1371.
))
\AM@pagewidth=\dimen153
\AM@pageheight=\dimen154
 (/usr/local/texlive/2020/texmf-dist/tex/latex/pdfpages/pppdftex.def
File: pppdftex.def 2020/01/28 v0.5q Pdfpages driver for pdfTeX (AM)
)
\AM@pagebox=\box53
\AM@global@opts=\toks21
\AM@pagecnt=\count382
\AM@toc@title=\toks22
\c@AM@survey=\count383
\AM@templatesizebox=\box54
) (/usr/local/texlive/2020/texmf-dist/tex/latex/hyperref/hyperref.sty
Package: hyperref 2020/01/14 v7.00d Hypertext links for LaTeX
 (/usr/local/texlive/2020/texmf-dist/tex/generic/kvdefinekeys/kvdefinekeys.sty
Package: kvdefinekeys 2019-12-19 v1.6 Define keys (HO)
) (/usr/local/texlive/2020/texmf-dist/tex/generic/pdfescape/pdfescape.sty
Package: pdfescape 2019/12/09 v1.15 Implements pdfTeX's escape features (HO)
) (/usr/local/texlive/2020/texmf-dist/tex/latex/hycolor/hycolor.sty
Package: hycolor 2020-01-27 v1.10 Color options for hyperref/bookmark (HO)
) (/usr/local/texlive/2020/texmf-dist/tex/latex/letltxmacro/letltxmacro.sty
Package: letltxmacro 2019/12/03 v1.6 Let assignment for LaTeX macros (HO)
) (/usr/local/texlive/2020/texmf-dist/tex/latex/auxhook/auxhook.sty
Package: auxhook 2019-12-17 v1.6 Hooks for auxiliary files (HO)
)
\@linkdim=\dimen155
\Hy@linkcounter=\count384
\Hy@pagecounter=\count385
 (/usr/local/texlive/2020/texmf-dist/tex/latex/hyperref/pd1enc.def
File: pd1enc.def 2020/01/14 v7.00d Hyperref: PDFDocEncoding definition (HO)
Now handling font encoding PD1 ...
... no UTF-8 mapping file for font encoding PD1
) (/usr/local/texlive/2020/texmf-dist/tex/generic/intcalc/intcalc.sty
Package: intcalc 2019/12/15 v1.3 Expandable calculations with integers (HO)
) (/usr/local/texlive/2020/texmf-dist/tex/generic/etexcmds/etexcmds.sty
Package: etexcmds 2019/12/15 v1.7 Avoid name clashes with e-TeX commands (HO)
)
\Hy@SavedSpaceFactor=\count386
Package hyperref Info: Hyper figures OFF on input line 4547.
Package hyperref Info: Link nesting OFF on input line 4552.
Package hyperref Info: Hyper index ON on input line 4555.
Package hyperref Info: Plain pages OFF on input line 4562.
Package hyperref Info: Backreferencing OFF on input line 4567.
Package hyperref Info: Implicit mode ON; LaTeX internals redefined.
Package hyperref Info: Bookmarks ON on input line 4800.
\c@Hy@tempcnt=\count387
LaTeX Info: Redefining \url on input line 5159.
\XeTeXLinkMargin=\dimen156
 (/usr/local/texlive/2020/texmf-dist/tex/generic/bitset/bitset.sty
Package: bitset 2019/12/09 v1.3 Handle bit-vector datatype (HO)
 (/usr/local/texlive/2020/texmf-dist/tex/generic/bigintcalc/bigintcalc.sty
Package: bigintcalc 2019/12/15 v1.5 Expandable calculations on big integers (HO)
))
\Fld@menulength=\count388
\Field@Width=\dimen157
\Fld@charsize=\dimen158
Package hyperref Info: Hyper figures OFF on input line 6430.
Package hyperref Info: Link nesting OFF on input line 6435.
Package hyperref Info: Hyper index ON on input line 6438.
Package hyperref Info: backreferencing OFF on input line 6445.
Package hyperref Info: Link coloring OFF on input line 6450.
Package hyperref Info: Link coloring with OCG OFF on input line 6455.
Package hyperref Info: PDF/A mode OFF on input line 6460.
LaTeX Info: Redefining \ref on input line 6500.
LaTeX Info: Redefining \pageref on input line 6504.
\Hy@abspage=\count389
\c@Item=\count390
\c@Hfootnote=\count391
)
Package hyperref Info: Driver (autodetected): hpdftex.
 (/usr/local/texlive/2020/texmf-dist/tex/latex/hyperref/hpdftex.def
File: hpdftex.def 2020/01/14 v7.00d Hyperref driver for pdfTeX
 (/usr/local/texlive/2020/texmf-dist/tex/latex/atveryend/atveryend.sty
Package: atveryend 2019-12-11 v1.11 Hooks at the very end of document (HO)
)
\Fld@listcount=\count392
\c@bookmark@seq@number=\count393
 (/usr/local/texlive/2020/texmf-dist/tex/latex/rerunfilecheck/rerunfilecheck.sty
Package: rerunfilecheck 2019/12/05 v1.9 Rerun checks for auxiliary files (HO)
 (/usr/local/texlive/2020/texmf-dist/tex/generic/uniquecounter/uniquecounter.sty
Package: uniquecounter 2019/12/15 v1.4 Provide unlimited unique counter (HO)
)
Package uniquecounter Info: New unique counter `rerunfilecheck' on input line 286.
)
\Hy@SectionHShift=\skip80
)
(/usr/local/texlive/2020/texmf-dist/tex/latex/fancyhdr/fancyhdr.sty
Package: fancyhdr 2019/01/31 v3.10 Extensive control of page headers and footers
\f@nch@headwidth=\skip81
\f@nch@O@elh=\skip82
\f@nch@O@erh=\skip83
\f@nch@O@olh=\skip84
\f@nch@O@orh=\skip85
\f@nch@O@elf=\skip86
\f@nch@O@erf=\skip87
\f@nch@O@olf=\skip88
\f@nch@O@orf=\skip89
)
\@quotelevel=\count394
\@quotereset=\count395
 (/usr/local/texlive/2020/texmf-dist/tex/latex/l3backend/l3backend-pdfmode.def
File: l3backend-pdfmode.def 2020-03-12 L3 backend support: PDF mode
\l__kernel_color_stack_int=\count396
\l__pdf_internal_box=\box55
) (./mproj.aux)
\openout1 = `mproj.aux'.

LaTeX Font Info:    Checking defaults for OML/cmm/m/it on input line 28.
LaTeX Font Info:    ... okay on input line 28.
LaTeX Font Info:    Checking defaults for OMS/cmsy/m/n on input line 28.
LaTeX Font Info:    ... okay on input line 28.
LaTeX Font Info:    Checking defaults for OT1/cmr/m/n on input line 28.
LaTeX Font Info:    ... okay on input line 28.
LaTeX Font Info:    Checking defaults for T1/cmr/m/n on input line 28.
LaTeX Font Info:    ... okay on input line 28.
LaTeX Font Info:    Checking defaults for TS1/cmr/m/n on input line 28.
LaTeX Font Info:    ... okay on input line 28.
LaTeX Font Info:    Checking defaults for OMX/cmex/m/n on input line 28.
LaTeX Font Info:    ... okay on input line 28.
LaTeX Font Info:    Checking defaults for U/cmr/m/n on input line 28.
LaTeX Font Info:    ... okay on input line 28.
LaTeX Font Info:    Checking defaults for PD1/pdf/m/n on input line 28.
LaTeX Font Info:    ... okay on input line 28.
LaTeX Font Info:    Trying to load font information for OT1+pnc on input line 28.
 (/usr/local/texlive/2020/texmf-dist/tex/latex/psnfss/ot1pnc.fd
File: ot1pnc.fd 2001/06/04 font definitions for OT1/pnc.
)
*geometry* driver: auto-detecting
*geometry* detected driver: pdftex
*geometry* verbose mode - [ preamble ] result:
* driver: pdftex
* paper: a4paper
* layout: <same size as paper>
* layoutoffset:(h,v)=(0.0pt,0.0pt)
* bindingoffset: 14.45377pt
* modes: 
* h-part:(L,W,R)=(90.47955pt, 402.095pt, 90.47955pt)
* v-part:(T,H,B)=(72.2698pt, 700.50723pt, 72.2698pt)
* \paperwidth=597.50787pt
* \paperheight=845.04684pt
* \textwidth=402.095pt
* \textheight=700.50723pt
* \oddsidemargin=32.66333pt
* \evensidemargin=18.20956pt
* \topmargin=-37.00018pt
* \headheight=12.0pt
* \headsep=25.0pt
* \topskip=11.0pt
* \footskip=18.06749pt
* \marginparwidth=50.0pt
* \marginparsep=10.0pt
* \columnsep=10.0pt
* \skip\footins=10.0pt plus 4.0pt minus 2.0pt
* \hoffset=0.0pt
* \voffset=0.0pt
* \mag=1000
* \@twocolumnfalse
* \@twosidefalse
* \@mparswitchfalse
* \@reversemarginfalse
* (1in=72.27pt=25.4mm, 1cm=28.453pt)

(/usr/local/texlive/2020/texmf-dist/tex/context/base/mkii/supp-pdf.mkii
[Loading MPS to PDF converter (version 2006.09.02).]
\scratchcounter=\count397
\scratchdimen=\dimen159
\scratchbox=\box56
\nofMPsegments=\count398
\nofMParguments=\count399
\everyMPshowfont=\toks23
\MPscratchCnt=\count400
\MPscratchDim=\dimen160
\MPnumerator=\count401
\makeMPintoPDFobject=\count402
\everyMPtoPDFconversion=\toks24
) (/usr/local/texlive/2020/texmf-dist/tex/latex/epstopdf-pkg/epstopdf-base.sty
Package: epstopdf-base 2020-01-24 v2.11 Base part for package epstopdf
Package epstopdf-base Info: Redefining graphics rule for `.eps' on input line 485.
 (/usr/local/texlive/2020/texmf-dist/tex/latex/latexconfig/epstopdf-sys.cfg
File: epstopdf-sys.cfg 2010/07/13 v1.3 Configuration of (r)epstopdf for TeX Live
))
Package biblatex Info: Trying to load language 'english'...
Package biblatex Info: ... file 'english.lbx' found.
 (/usr/local/texlive/2020/texmf-dist/tex/latex/biblatex/lbx/english.lbx
File: english.lbx 2019/12/01 v3.14 biblatex localization (PK/MW)
)
Package biblatex Info: Input encoding 'utf8' detected.
Package biblatex Info: Automatic encoding selection.
(biblatex)             Assuming data encoding 'utf8'.
\openout3 = `mproj.bcf'.

Package biblatex Info: Trying to load bibliographic data...
Package biblatex Info: ... file 'mproj.bbl' found.
 (./mproj.bbl)
Package biblatex Info: Reference section=0 on input line 28.
Package biblatex Info: Reference segment=0 on input line 28.
\AtBeginShipoutBox=\box57
 (/usr/local/texlive/2020/texmf-dist/tex/latex/pdflscape/pdflscape.sty
Package: pdflscape 2019/12/05 v0.12 Display of landscape pages in PDF (HO)
 (/usr/local/texlive/2020/texmf-dist/tex/latex/graphics/lscape.sty
Package: lscape 2000/10/22 v3.01 Landscape Pages (DPC)
)
Package pdflscape Info: Auto-detected driver: pdftex on input line 81.
)
Package hyperref Info: Link coloring OFF on input line 28.
 (/usr/local/texlive/2020/texmf-dist/tex/latex/hyperref/nameref.sty
Package: nameref 2019/09/16 v2.46 Cross-referencing by name of section
 (/usr/local/texlive/2020/texmf-dist/tex/latex/refcount/refcount.sty
Package: refcount 2019/12/15 v3.6 Data extraction from label references (HO)
) (/usr/local/texlive/2020/texmf-dist/tex/generic/gettitlestring/gettitlestring.sty
Package: gettitlestring 2019/12/15 v1.6 Cleanup title references (HO)
)
\c@section@level=\count403
)
LaTeX Info: Redefining \ref on input line 28.
LaTeX Info: Redefining \pageref on input line 28.
LaTeX Info: Redefining \nameref on input line 28.
 (./mproj.out) (./mproj.out)
\@outlinefile=\write5
\openout5 = `mproj.out'.

<images/CompSci_colour.pdf, id=140, 340.27126pt x 49.18375pt>
File: images/CompSci_colour.pdf Graphic file (type pdf)
<use images/CompSci_colour.pdf>
Package pdftex.def Info: images/CompSci_colour.pdf  used on input line 37.
(pdftex.def)             Requested size: 300.43684pt x 9.35004pt.
LaTeX Font Info:    External font `cmex10' loaded for size
(Font)              <20.74> on input line 37.
LaTeX Font Info:    External font `cmex10' loaded for size
(Font)              <14.4> on input line 37.
LaTeX Font Info:    External font `cmex10' loaded for size
(Font)              <12> on input line 37.
 [1

{/usr/local/texlive/2020/texmf-var/fonts/map/pdftex/updmap/pdftex.map} <./images/CompSci_colour.pdf>]pdfTeX warning (ext4): destination with the same identifier (name{page.i}) has been already used, duplicate ignored
<to be read again> 
                   \relax 
l.41 \end{abstract}
                    [1]
LaTeX Font Info:    External font `cmex10' loaded for size
(Font)              <10.95> on input line 45.
LaTeX Font Info:    External font `cmex10' loaded for size
(Font)              <8> on input line 45.
LaTeX Font Info:    External font `cmex10' loaded for size
(Font)              <6> on input line 45.
pdfTeX warning (ext4): destination with the same identifier (name{page.i}) has been already used, duplicate ignored
<to be read again> 
                   \relax 
l.49 \newpage
              [1] [2] (./mproj.toc [3

])
\tf@toc=\write6
\openout6 = `mproj.toc'.

 [4]
Chapter 1.

Overfull \hbox (2.81395pt too wide) in paragraph at lines 67--68
[]\OT1/pnc/m/n/10.95 In an in-creas-ingly dig-i-tal world, we are con-stantly pro-duc-ing data (and, of course,
 []

[1

] [2]
Chapter 2.

Package hyperref Warning: Token not allowed in a PDF string (PDFDocEncoding):
(hyperref)                removing `\\' on input line 101.


Underfull \hbox (badness 10000) in paragraph at lines 135--135
[]\OT1/pnc/m/n/10.95 Signal Foun-da-tion
 []


Underfull \hbox (badness 10000) in paragraph at lines 135--135
[]\OT1/pnc/m/n/10.95 Facebook Cor-po-ra-
 []


Underfull \hbox (badness 10000) in paragraph at lines 135--135
[]\OT1/pnc/m/n/10.95 End-to-end
 []


Underfull \hbox (badness 2837) in paragraph at lines 135--135
\OT1/pnc/m/n/10.95 rithm[[]1[]], con-stantly
 []


Underfull \hbox (badness 10000) in paragraph at lines 135--135
\OT1/pnc/m/n/10.95 cy-cling sym-met-ric
 []


Underfull \hbox (badness 10000) in paragraph at lines 135--135
\OT1/pnc/m/n/10.95 ses-sion keys and
 []


Underfull \hbox (badness 10000) in paragraph at lines 135--135
\OT1/pnc/m/n/10.95 Hellman (ECDH)
 []


Underfull \hbox (badness 2644) in paragraph at lines 135--135
\OT1/pnc/m/n/10.95 key-pairs - this ap-
 []


Underfull \hbox (badness 10000) in paragraph at lines 135--135
[]\OT1/pnc/m/n/10.95 Proprietary im-ple-
 []


Underfull \hbox (badness 10000) in paragraph at lines 135--135
\OT1/pnc/m/n/10.95 men-ta-tion of the
 []


Underfull \hbox (badness 4036) in paragraph at lines 135--135
\OT1/pnc/m/n/10.95 ap-ply to backed-up
 []


Underfull \hbox (badness 2460) in paragraph at lines 135--135
\OT1/pnc/m/n/10.95 mes-sages stored on
 []


Underfull \hbox (badness 1354) in paragraph at lines 135--135
\OT1/pnc/m/n/10.95 on mo-bile de-vices -
 []


Underfull \hbox (badness 3407) in paragraph at lines 135--135
\OT1/pnc/m/n/10.95 MT-Proto 2.0 pro-to-
 []


Underfull \hbox (badness 1721) in paragraph at lines 135--135
\OT1/pnc/m/n/10.95 col[[]18[]]. For group
 []


Underfull \hbox (badness 10000) in paragraph at lines 135--135
[]\OT1/pnc/m/n/10.95 Fully open source
 []


Underfull \hbox (badness 2213) in paragraph at lines 135--135
\OT1/pnc/m/n/10.95 for both client and
 []


Underfull \hbox (badness 10000) in paragraph at lines 135--135
\OT1/pnc/m/n/10.95 server (with the
 []


Underfull \hbox (badness 10000) in paragraph at lines 135--135
\OT1/pnc/m/n/10.95 side anti-spam
 []


Underfull \hbox (badness 6364) in paragraph at lines 135--135
[]\OT1/pnc/m/n/10.95 Open source client
 []


Underfull \hbox (badness 10000) in paragraph at lines 135--135
[]\OT1/pnc/m/n/10.95 Self-
 []


Underfull \hbox (badness 10000) in paragraph at lines 135--135
\OT1/pnc/m/n/10.95 destructing
 []


Underfull \hbox (badness 10000) in paragraph at lines 135--135
[]\OT1/pnc/m/n/10.95 Controlled by the
 []


Underfull \hbox (badness 3601) in paragraph at lines 135--135
\OT1/pnc/m/n/10.95 from the re-cip-i-ents
 []


Underfull \hbox (badness 10000) in paragraph at lines 135--135
\OT1/pnc/m/n/10.95 sender's set-tings).
 []


Underfull \hbox (badness 10000) in paragraph at lines 135--135
\OT1/pnc/m/n/10.95 Man-age-able via
 []


Underfull \hbox (badness 10000) in paragraph at lines 135--135
[]\OT1/pnc/m/n/10.95 Sender-controlled,
 []


Underfull \hbox (badness 10000) in paragraph at lines 135--135
\OT1/pnc/m/n/10.95 can be man-aged
 []


Underfull \hbox (badness 7344) in paragraph at lines 135--135
\OT1/pnc/m/n/10.95 in-di-vid-u-ally or via
 []


Underfull \hbox (badness 10000) in paragraph at lines 135--135
\OT1/pnc/m/n/10.95 de-faults. Fixed
 []


Underfull \hbox (badness 10000) in paragraph at lines 135--135
[]\OT1/pnc/m/n/10.95 Sender-controlled,
 []


Underfull \hbox (badness 10000) in paragraph at lines 135--135
\OT1/pnc/m/n/10.95 can be man-aged
 []


Underfull \hbox (badness 7344) in paragraph at lines 135--135
\OT1/pnc/m/n/10.95 in-di-vid-u-ally or via
 []


Underfull \hbox (badness 10000) in paragraph at lines 135--135
[]\OT1/pnc/m/n/10.95 Fully E2EE en-
 []


Underfull \hbox (badness 10000) in paragraph at lines 135--135
\OT1/pnc/m/n/10.95 side fanout''[[]19[]],
 []


Underfull \hbox (badness 10000) in paragraph at lines 135--135
[]\OT1/pnc/m/n/10.95 Same as Sig-nal
 []


Underfull \hbox (badness 1708) in paragraph at lines 135--135
\OT1/pnc/m/n/10.95 (un-ver-i-fi-able due to
 []


Underfull \hbox (badness 10000) in paragraph at lines 135--135
[]\OT1/pnc/m/n/10.95 Encrypted be-tween
 []


Overfull \hbox (4.7072pt too wide) in paragraph at lines 135--135
[]\OT1/pnc/m/n/10.95 Pseudonymous
 []


Underfull \hbox (badness 10000) in paragraph at lines 135--135
[]\OT1/pnc/m/n/10.95 Only stores phone
 []


Underfull \hbox (badness 10000) in paragraph at lines 135--135
[]\OT1/pnc/m/n/10.95 Historical mes-sage
 []


Underfull \hbox (badness 10000) in paragraph at lines 135--135
\OT1/pnc/m/n/10.95 meta-data, phone
 []


Underfull \hbox (badness 10000) in paragraph at lines 135--135
\OT1/pnc/m/n/10.95 con-tacts, de-vice
 []


Underfull \hbox (badness 10000) in paragraph at lines 135--135
\OT1/pnc/m/n/10.95 read re-ceipts, full
 []


Underfull \hbox (badness 10000) in paragraph at lines 135--135
\OT1/pnc/m/n/10.95 con-tacts, his-tor-i-cal
 []

[3

] [4] [5]
Overfull \hbox (6.01718pt too wide) in alignment at lines 166--207
 [] [] 
 []


Underfull \vbox (badness 10000) detected at line 207
 []


Overfull \hbox (6.01718pt too wide) in alignment at lines 207--218
 [] [] 
 []

[6]
LaTeX Font Info:    Trying to load font information for TS1+pnc on input line 224.
 (/usr/local/texlive/2020/texmf-dist/tex/latex/psnfss/ts1pnc.fd
File: ts1pnc.fd 2001/06/04 font definitions for TS1/pnc.
) [7] [8]
Chapter 3.

Package hyperref Warning: Token not allowed in a PDF string (PDFDocEncoding):
(hyperref)                removing `\\' on input line 241.

<images/high-level-architecture.png, id=286, 653.44125pt x 214.8025pt>
File: images/high-level-architecture.png Graphic file (type png)
<use images/high-level-architecture.png>
Package pdftex.def Info: images/high-level-architecture.png  used on input line 252.
(pdftex.def)             Requested size: 326.71982pt x 107.40099pt.
[9

 <./images/high-level-architecture.png>]
LaTeX Font Info:    Trying to load font information for OT1+pcr on input line 261.
 (/usr/local/texlive/2020/texmf-dist/tex/latex/psnfss/ot1pcr.fd
File: ot1pcr.fd 2001/06/04 font definitions for OT1/pcr.
) [10] [11]
<images/reconnection-flow.png, id=335, 573.14125pt x 251.94125pt>
File: images/reconnection-flow.png Graphic file (type png)
<use images/reconnection-flow.png>
Package pdftex.def Info: images/reconnection-flow.png  used on input line 308.
(pdftex.def)             Requested size: 343.8874pt x 151.16591pt.
 [12 <./images/reconnection-flow.png>]
<images/message-flow.png, id=346, 762.85pt x 495.8525pt>
File: images/message-flow.png Graphic file (type png)
<use images/message-flow.png>
Package pdftex.def Info: images/message-flow.png  used on input line 328.
(pdftex.def)             Requested size: 381.42407pt x 247.92564pt.
 [13]
Overfull \hbox (9.81104pt too wide) in paragraph at lines 335--336
[]\OT1/pnc/m/n/10.95 In ad-di-tion, wher-ever pos-si-ble, ad-her-ence to the ``Don't re-peat your-self'' (DRY)[[]17[]],
 []


Underfull \hbox (badness 2875) in paragraph at lines 343--343
[]\OT1/pnc/m/n/10.95 Encapsulation of a re-
 []


Underfull \hbox (badness 5316) in paragraph at lines 343--344
\OT1/pnc/m/n/10.95 jects in both client and
 []


Underfull \hbox (badness 10000) in paragraph at lines 345--346
[]\OT1/pnc/m/n/10.95 LiveData queries up-dat-
 []


Underfull \hbox (badness 1342) in paragraph at lines 347--348
[]\OT1/pnc/m/n/10.95 ContactsAdapter for Re-cy-
 []


Underfull \hbox (badness 2418) in paragraph at lines 347--348
\OT1/pnc/m/n/10.95 clerView and Mes-sage-Lis-
 []


Underfull \hbox (badness 6300) in paragraph at lines 351--351
\OT1/pnc/m/n/10.95 vide ab-stract in-ter-face
 []


Underfull \hbox (badness 10000) in paragraph at lines 353--354
[]\OT1/pnc/m/n/10.95 SocketHandler.kt in the
 []


Underfull \hbox (badness 1067) in paragraph at lines 353--354
\OT1/pnc/m/n/10.95 client is an ex-am-ple of a
 []


Overfull \hbox (18.0172pt too wide) in paragraph at lines 339--356
 [] 
 []

[14 <./images/message-flow.png>] [15] [16] [17]
Chapter 4.
[18

]
Chapter 5.
[19

]
Appendix A.
[20

]
Appendix B.
[21

]
Overfull \hbox (0.13142pt too wide) in paragraph at lines 435--435
\OT1/pnc/m/it/9 IEEE 26th In-ter-na-tional Re-quire-ments En-gi-neer-ing Con-fer-ence (RE)\OT1/pnc/m/n/9 , pages 506{507. IEEE,
 []

LaTeX Font Info:    External font `cmex10' loaded for size
(Font)              <9> on input line 434.
LaTeX Font Info:    External font `cmex10' loaded for size
(Font)              <5> on input line 434.

Overfull \hbox (2.44254pt too wide) in paragraph at lines 435--435
[]\OT1/pnc/m/n/9 A. Hunt and D. Thomas. \OT1/pnc/m/it/9 The Prag-matic Pro-gram-mer: From Jour-ney-man to Mas-ter\OT1/pnc/m/n/9 . Addison-
 []

[22

]

./mproj.tex:435: Package inputenc Error: Unicode character ́ (U+0301)
(inputenc)                not set up for use with LaTeX.

See the inputenc package documentation for explanation.
Type  H <return>  for immediate help.
 ...                                              
                                                  
l.435 \end
          {document}
You may provide a definition with
\DeclareUnicodeCharacter 


./mproj.tex:435: LaTeX Error: Command \k unavailable in encoding OT1.

See the LaTeX manual or LaTeX Companion for explanation.
Type  H <return>  for immediate help.
 ...                                              
                                                  
l.435 \end
          {document}
Your command was ignored.
Type  I <command> <return>  to replace it with another command,
or  <return>  to continue without it.


Overfull \hbox (2.50433pt too wide) in paragraph at lines 435--435
\OT1/pnc/m/it/9 put-ing and Com-mu-ni-ca-tions, 2015 IEEE 7th In-ter-na-tional Sym-po-sium on Cy-berspace Safety
 []

Package atveryend Info: Empty hook `BeforeClearDocument' on input line 435.
[23]
Package atveryend Info: Empty hook `AfterLastShipout' on input line 435.
 (./mproj.aux)
Package atveryend Info: Executing hook `AtVeryEndDocument' on input line 435.
Package atveryend Info: Executing hook `AtEndAfterFileList' on input line 435.
Package rerunfilecheck Info: File `mproj.out' has not changed.
(rerunfilecheck)             Checksum: 402D966DCA3F6930E7631B232B6865A2;2247.
Package logreq Info: Writing requests to 'mproj.run.xml'.
\openout1 = `mproj.run.xml'.

 ) 
Here is how much of TeX's memory you used:
 15104 strings out of 480608
 261031 string characters out of 5903630
 940115 words of memory out of 5000000
 30642 multiletter control sequences out of 15000+600000
 556666 words of font info for 75 fonts, out of 8000000 for 9000
 1141 hyphenation exceptions out of 8191
 40i,9n,45p,955b,1346s stack positions out of 5000i,500n,10000p,200000b,80000s
{/usr/local/texlive/2020/texmf-dist/fonts/enc/dvips/base/8r.enc}</usr/local/texlive/2020/texmf-dist/fonts/type1/urw/courier/ucrr8a.pfb></usr/local/texlive/2020/texmf-dist/fonts/type1/urw/ncntrsbk/uncb8a.pfb></usr/local/texlive/2020/texmf-dist/fonts/type1/urw/ncntrsbk/uncr8a.pfb></usr/local/texlive/2020/texmf-dist/fonts/type1/urw/ncntrsbk/uncri8a.pfb>
Output written on mproj.pdf (29 pages, 260702 bytes).
PDF statistics:
 479 PDF objects out of 1000 (max. 8388607)
 432 compressed objects within 5 object streams
 128 named destinations out of 1000 (max. 500000)
 293 words of extra memory for PDF output out of 10000 (max. 10000000)

